#
# A fatal error has been detected by the Java Runtime Environment:
#
#  Internal Error (javaClasses.cpp:139), pid=14721, tid=139931911501568
#  fatal error: Invalid layout of preloaded class
#
# JRE version:  (7.0_75-b13) (build )
# Java VM: OpenJDK 64-Bit Server VM (24.75-b04 mixed mode linux-amd64 compressed oops)
# Derivative: IcedTea 2.5.4
# Distribution: Ubuntu 12.04 LTS, package 7u75-2.5.4-1~precise1
# Failed to write core dump. Core dumps have been disabled. To enable core dumping, try "ulimit -c unlimited" before starting Java again
#
# If you would like to submit a bug report, please include
# instructions on how to reproduce the bug and visit:
#   http://icedtea.classpath.org/bugzilla
#

---------------  T H R E A D  ---------------

Current thread (0x00007f446800a000):  JavaThread "Unknown thread" [_thread_in_vm, id=14726, stack(0x00007f446fd0b000,0x00007f446fe0c000)]

Stack: [0x00007f446fd0b000,0x00007f446fe0c000],  sp=0x00007f446fe0a930,  free space=1022k
Native frames: (J=compiled Java code, j=interpreted, Vv=VM code, C=native code)
V  [libjvm.so+0x926043]  VMError::report_and_die()+0x173
V  [libjvm.so+0x488b53]  report_fatal(char const*, int, char const*)+0x53
V  [libjvm.so+0x5dc962]  compute_offset(int&, klassOopDesc*, Symbol*, Symbol*, bool) [clone .constprop.133]+0x112
V  [libjvm.so+0x5dcb86]  java_lang_String::compute_offsets()+0x36
V  [libjvm.so+0x8a9f3d]  SystemDictionary::initialize_preloaded_classes(Thread*)+0x3d
V  [libjvm.so+0x8f9b1b]  Universe::genesis(Thread*)+0x45b
V  [libjvm.so+0x8f9fbf]  universe2_init()+0x1f
V  [libjvm.so+0x58f3fa]  init_globals()+0x9a
V  [libjvm.so+0x8de2a9]  Threads::create_vm(JavaVMInitArgs*, bool*)+0x329
V  [libjvm.so+0x5f9eaa]  JNI_CreateJavaVM+0x5a
C  [libjli.so+0x2a47]


---------------  P R O C E S S  ---------------

Java Threads: ( => current thread )

Other Threads:

=>0x00007f446800a000 (exited) JavaThread "Unknown thread" [_thread_in_vm, id=14726, stack(0x00007f446fd0b000,0x00007f446fe0c000)]

VM state:not at safepoint (not fully initialized)

VM Mutex/Monitor currently owned by a thread: None

GC Heap History (0 events):
No events

Deoptimization events (0 events):
No events

Internal exceptions (0 events):
No events

Events (10 events):
Event: 0.009 loading class 0x00007f4464c4c710 done
Event: 0.009 loading class 0x00007f4464c4c110 done
Event: 0.009 loading class 0x00007f4464c4c0f0
Event: 0.009 loading class 0x00007f4464c541a0
Event: 0.009 loading class 0x00007f4464c541a0 done
Event: 0.009 loading class 0x00007f4464c541d0
Event: 0.009 loading class 0x00007f4464c541d0 done
Event: 0.009 loading class 0x00007f4464c54200
Event: 0.009 loading class 0x00007f4464c54200 done
Event: 0.010 loading class 0x00007f4464c4c0f0 done


Dynamic libraries:
00400000-00401000 r-xp 00000000 08:08 1981884                            /usr/lib/jvm/java-7-openjdk-amd64/jre/bin/java
00600000-00601000 r--p 00000000 08:08 1981884                            /usr/lib/jvm/java-7-openjdk-amd64/jre/bin/java
00601000-00602000 rw-p 00001000 08:08 1981884                            /usr/lib/jvm/java-7-openjdk-amd64/jre/bin/java
016e2000-01703000 rw-p 00000000 00:00 0                                  [heap]
99e00000-9b300000 rw-p 00000000 00:00 0 
9b300000-a4400000 rw-p 00000000 00:00 0 
a4400000-a8100000 rw-p 00000000 00:00 0 
a8100000-e1680000 rw-p 00000000 00:00 0 
e1680000-e3580000 rw-p 00000000 00:00 0 
e3580000-100000000 rw-p 00000000 00:00 0 
7f4450cf0000-7f4454000000 rw-p 00000000 00:00 0 
7f4454000000-7f4454021000 rw-p 00000000 00:00 0 
7f4454021000-7f4458000000 ---p 00000000 00:00 0 
7f4458000000-7f4458021000 rw-p 00000000 00:00 0 
7f4458021000-7f445c000000 ---p 00000000 00:00 0 
7f445c000000-7f445c021000 rw-p 00000000 00:00 0 
7f445c021000-7f4460000000 ---p 00000000 00:00 0 
7f4460000000-7f4460021000 rw-p 00000000 00:00 0 
7f4460021000-7f4464000000 ---p 00000000 00:00 0 
7f4464899000-7f4464aff000 rw-p 00000000 00:00 0 
7f4464aff000-7f4464bd6000 r--s 013fe000 08:09 7738182                    /home/ruibiao/soft/adt-bundle-linux-x86_64-20140321/sdk/platforms/android-19/android.jar
7f4464bd6000-7f4465000000 rw-p 00000000 00:00 0 
7f4465000000-7f4465270000 rwxp 00000000 00:00 0 
7f4465270000-7f4468052000 rw-p 00000000 00:00 0 
7f4468052000-7f446c000000 ---p 00000000 00:00 0 
7f446c017000-7f446c018000 ---p 00000000 00:00 0 
7f446c018000-7f446c118000 rw-p 00000000 00:00 0                          [stack:14730]
7f446c118000-7f446c119000 ---p 00000000 00:00 0 
7f446c119000-7f446c219000 rw-p 00000000 00:00 0                          [stack:14729]
7f446c219000-7f446c21a000 ---p 00000000 00:00 0 
7f446c21a000-7f446c31a000 rw-p 00000000 00:00 0                          [stack:14728]
7f446c31a000-7f446c31b000 ---p 00000000 00:00 0 
7f446c31b000-7f446c426000 rw-p 00000000 00:00 0                          [stack:14727]
7f446c426000-7f446c46e000 rw-p 00000000 00:00 0 
7f446c46e000-7f446c48d000 rw-p 00000000 00:00 0 
7f446c48d000-7f446c658000 rw-p 00000000 00:00 0 
7f446c658000-7f446c663000 rw-p 00000000 00:00 0 
7f446c663000-7f446c6ab000 rw-p 00000000 00:00 0 
7f446c6ab000-7f446c6ca000 rw-p 00000000 00:00 0 
7f446c6ca000-7f446c894000 rw-p 00000000 00:00 0 
7f446c894000-7f446c8a4000 rw-p 00000000 00:00 0 
7f446c8a4000-7f446c989000 rw-p 00000000 00:00 0 
7f446c989000-7f446c98a000 rw-p 00000000 00:00 0 
7f446c98a000-7f446c992000 r-xp 00000000 08:08 1981801                    /usr/lib/jvm/java-7-openjdk-amd64/jre/lib/amd64/libzip.so
7f446c992000-7f446cb91000 ---p 00008000 08:08 1981801                    /usr/lib/jvm/java-7-openjdk-amd64/jre/lib/amd64/libzip.so
7f446cb91000-7f446cb92000 r--p 00007000 08:08 1981801                    /usr/lib/jvm/java-7-openjdk-amd64/jre/lib/amd64/libzip.so
7f446cb92000-7f446cb93000 rw-p 00008000 08:08 1981801                    /usr/lib/jvm/java-7-openjdk-amd64/jre/lib/amd64/libzip.so
7f446cb93000-7f446cb9f000 r-xp 00000000 08:08 393337                     /lib/x86_64-linux-gnu/libnss_files-2.15.so
7f446cb9f000-7f446cd9e000 ---p 0000c000 08:08 393337                     /lib/x86_64-linux-gnu/libnss_files-2.15.so
7f446cd9e000-7f446cd9f000 r--p 0000b000 08:08 393337                     /lib/x86_64-linux-gnu/libnss_files-2.15.so
7f446cd9f000-7f446cda0000 rw-p 0000c000 08:08 393337                     /lib/x86_64-linux-gnu/libnss_files-2.15.so
7f446cda0000-7f446cdaa000 r-xp 00000000 08:08 393333                     /lib/x86_64-linux-gnu/libnss_nis-2.15.so
7f446cdaa000-7f446cfaa000 ---p 0000a000 08:08 393333                     /lib/x86_64-linux-gnu/libnss_nis-2.15.so
7f446cfaa000-7f446cfab000 r--p 0000a000 08:08 393333                     /lib/x86_64-linux-gnu/libnss_nis-2.15.so
7f446cfab000-7f446cfac000 rw-p 0000b000 08:08 393333                     /lib/x86_64-linux-gnu/libnss_nis-2.15.so
7f446cfac000-7f446cfc3000 r-xp 00000000 08:08 393336                     /lib/x86_64-linux-gnu/libnsl-2.15.so
7f446cfc3000-7f446d1c2000 ---p 00017000 08:08 393336                     /lib/x86_64-linux-gnu/libnsl-2.15.so
7f446d1c2000-7f446d1c3000 r--p 00016000 08:08 393336                     /lib/x86_64-linux-gnu/libnsl-2.15.so
7f446d1c3000-7f446d1c4000 rw-p 00017000 08:08 393336                     /lib/x86_64-linux-gnu/libnsl-2.15.so
7f446d1c4000-7f446d1c6000 rw-p 00000000 00:00 0 
7f446d1c6000-7f446d1ce000 r-xp 00000000 08:08 393339                     /lib/x86_64-linux-gnu/libnss_compat-2.15.so
7f446d1ce000-7f446d3cd000 ---p 00008000 08:08 393339                     /lib/x86_64-linux-gnu/libnss_compat-2.15.so
7f446d3cd000-7f446d3ce000 r--p 00007000 08:08 393339                     /lib/x86_64-linux-gnu/libnss_compat-2.15.so
7f446d3ce000-7f446d3cf000 rw-p 00008000 08:08 393339                     /lib/x86_64-linux-gnu/libnss_compat-2.15.so
7f446d3cf000-7f446d3f8000 r-xp 00000000 08:08 1981798                    /usr/lib/jvm/java-7-openjdk-amd64/jre/lib/amd64/libjava.so
7f446d3f8000-7f446d5f7000 ---p 00029000 08:08 1981798                    /usr/lib/jvm/java-7-openjdk-amd64/jre/lib/amd64/libjava.so
7f446d5f7000-7f446d5f8000 r--p 00028000 08:08 1981798                    /usr/lib/jvm/java-7-openjdk-amd64/jre/lib/amd64/libjava.so
7f446d5f8000-7f446d5fa000 rw-p 00029000 08:08 1981798                    /usr/lib/jvm/java-7-openjdk-amd64/jre/lib/amd64/libjava.so
7f446d5fa000-7f446d608000 r-xp 00000000 08:08 1981813                    /usr/lib/jvm/java-7-openjdk-amd64/jre/lib/amd64/libverify.so
7f446d608000-7f446d807000 ---p 0000e000 08:08 1981813                    /usr/lib/jvm/java-7-openjdk-amd64/jre/lib/amd64/libverify.so
7f446d807000-7f446d809000 r--p 0000d000 08:08 1981813                    /usr/lib/jvm/java-7-openjdk-amd64/jre/lib/amd64/libverify.so
7f446d809000-7f446d80a000 rw-p 0000f000 08:08 1981813                    /usr/lib/jvm/java-7-openjdk-amd64/jre/lib/amd64/libverify.so
7f446d80a000-7f446d811000 r-xp 00000000 08:08 393238                     /lib/x86_64-linux-gnu/librt-2.15.so
7f446d811000-7f446da10000 ---p 00007000 08:08 393238                     /lib/x86_64-linux-gnu/librt-2.15.so
7f446da10000-7f446da11000 r--p 00006000 08:08 393238                     /lib/x86_64-linux-gnu/librt-2.15.so
7f446da11000-7f446da12000 rw-p 00007000 08:08 393238                     /lib/x86_64-linux-gnu/librt-2.15.so
7f446da12000-7f446da27000 r-xp 00000000 08:08 397365                     /lib/x86_64-linux-gnu/libgcc_s.so.1
7f446da27000-7f446dc26000 ---p 00015000 08:08 397365                     /lib/x86_64-linux-gnu/libgcc_s.so.1
7f446dc26000-7f446dc27000 r--p 00014000 08:08 397365                     /lib/x86_64-linux-gnu/libgcc_s.so.1
7f446dc27000-7f446dc28000 rw-p 00015000 08:08 397365                     /lib/x86_64-linux-gnu/libgcc_s.so.1
7f446dc28000-7f446dd23000 r-xp 00000000 08:08 393344                     /lib/x86_64-linux-gnu/libm-2.15.so
7f446dd23000-7f446df22000 ---p 000fb000 08:08 393344                     /lib/x86_64-linux-gnu/libm-2.15.so
7f446df22000-7f446df23000 r--p 000fa000 08:08 393344                     /lib/x86_64-linux-gnu/libm-2.15.so
7f446df23000-7f446df24000 rw-p 000fb000 08:08 393344                     /lib/x86_64-linux-gnu/libm-2.15.so
7f446df24000-7f446e006000 r-xp 00000000 08:08 1974540                    /usr/lib/x86_64-linux-gnu/libstdc++.so.6.0.16
7f446e006000-7f446e205000 ---p 000e2000 08:08 1974540                    /usr/lib/x86_64-linux-gnu/libstdc++.so.6.0.16
7f446e205000-7f446e20d000 r--p 000e1000 08:08 1974540                    /usr/lib/x86_64-linux-gnu/libstdc++.so.6.0.16
7f446e20d000-7f446e20f000 rw-p 000e9000 08:08 1974540                    /usr/lib/x86_64-linux-gnu/libstdc++.so.6.0.16
7f446e20f000-7f446e224000 rw-p 00000000 00:00 0 
7f446e224000-7f446ed13000 r-xp 00000000 08:08 1981827                    /usr/lib/jvm/java-7-openjdk-amd64/jre/lib/amd64/server/libjvm.so
7f446ed13000-7f446ef12000 ---p 00aef000 08:08 1981827                    /usr/lib/jvm/java-7-openjdk-amd64/jre/lib/amd64/server/libjvm.so
7f446ef12000-7f446efb3000 r--p 00aee000 08:08 1981827                    /usr/lib/jvm/java-7-openjdk-amd64/jre/lib/amd64/server/libjvm.so
7f446efb3000-7f446efd6000 rw-p 00b8f000 08:08 1981827                    /usr/lib/jvm/java-7-openjdk-amd64/jre/lib/amd64/server/libjvm.so
7f446efd6000-7f446f003000 rw-p 00000000 00:00 0 
7f446f003000-7f446f019000 r-xp 00000000 08:08 397455                     /lib/x86_64-linux-gnu/libz.so.1.2.3.4
7f446f019000-7f446f218000 ---p 00016000 08:08 397455                     /lib/x86_64-linux-gnu/libz.so.1.2.3.4
7f446f218000-7f446f219000 r--p 00015000 08:08 397455                     /lib/x86_64-linux-gnu/libz.so.1.2.3.4
7f446f219000-7f446f21a000 rw-p 00016000 08:08 397455                     /lib/x86_64-linux-gnu/libz.so.1.2.3.4
7f446f21a000-7f446f232000 r-xp 00000000 08:08 393335                     /lib/x86_64-linux-gnu/libpthread-2.15.so
7f446f232000-7f446f431000 ---p 00018000 08:08 393335                     /lib/x86_64-linux-gnu/libpthread-2.15.so
7f446f431000-7f446f432000 r--p 00017000 08:08 393335                     /lib/x86_64-linux-gnu/libpthread-2.15.so
7f446f432000-7f446f433000 rw-p 00018000 08:08 393335                     /lib/x86_64-linux-gnu/libpthread-2.15.so
7f446f433000-7f446f437000 rw-p 00000000 00:00 0 
7f446f437000-7f446f439000 r-xp 00000000 08:08 397196                     /lib/x86_64-linux-gnu/libdl-2.15.so
7f446f439000-7f446f639000 ---p 00002000 08:08 397196                     /lib/x86_64-linux-gnu/libdl-2.15.so
7f446f639000-7f446f63a000 r--p 00002000 08:08 397196                     /lib/x86_64-linux-gnu/libdl-2.15.so
7f446f63a000-7f446f63b000 rw-p 00003000 08:08 397196                     /lib/x86_64-linux-gnu/libdl-2.15.so
7f446f63b000-7f446f7ef000 r-xp 00000000 08:08 393334                     /lib/x86_64-linux-gnu/libc-2.15.so
7f446f7ef000-7f446f9ef000 ---p 001b4000 08:08 393334                     /lib/x86_64-linux-gnu/libc-2.15.so
7f446f9ef000-7f446f9f3000 r--p 001b4000 08:08 393334                     /lib/x86_64-linux-gnu/libc-2.15.so
7f446f9f3000-7f446f9f5000 rw-p 001b8000 08:08 393334                     /lib/x86_64-linux-gnu/libc-2.15.so
7f446f9f5000-7f446f9fa000 rw-p 00000000 00:00 0 
7f446f9fa000-7f446fa07000 r-xp 00000000 08:08 1981833                    /usr/lib/jvm/java-7-openjdk-amd64/jre/lib/amd64/jli/libjli.so
7f446fa07000-7f446fc06000 ---p 0000d000 08:08 1981833                    /usr/lib/jvm/java-7-openjdk-amd64/jre/lib/amd64/jli/libjli.so
7f446fc06000-7f446fc07000 r--p 0000c000 08:08 1981833                    /usr/lib/jvm/java-7-openjdk-amd64/jre/lib/amd64/jli/libjli.so
7f446fc07000-7f446fc08000 rw-p 0000d000 08:08 1981833                    /usr/lib/jvm/java-7-openjdk-amd64/jre/lib/amd64/jli/libjli.so
7f446fc08000-7f446fc2a000 r-xp 00000000 08:08 393343                     /lib/x86_64-linux-gnu/ld-2.15.so
7f446fc2b000-7f446fc55000 rw-p 00000000 00:00 0 
7f446fc55000-7f446fd0b000 rw-p 00000000 00:00 0 
7f446fd0b000-7f446fd0e000 ---p 00000000 00:00 0 
7f446fd0e000-7f446fe11000 rw-p 00000000 00:00 0                          [stack:14726]
7f446fe1c000-7f446fe1e000 rw-p 00000000 00:00 0 
7f446fe1e000-7f446fe26000 rw-s 00000000 08:08 1835051                    /tmp/hsperfdata_ruibiao/14721
7f446fe26000-7f446fe27000 rw-p 00000000 00:00 0 
7f446fe27000-7f446fe28000 r--p 00000000 00:00 0 
7f446fe28000-7f446fe2a000 rw-p 00000000 00:00 0 
7f446fe2a000-7f446fe2b000 r--p 00022000 08:08 393343                     /lib/x86_64-linux-gnu/ld-2.15.so
7f446fe2b000-7f446fe2d000 rw-p 00023000 08:08 393343                     /lib/x86_64-linux-gnu/ld-2.15.so
7fffd2cd3000-7fffd2cf4000 rw-p 00000000 00:00 0                          [stack]
7fffd2dac000-7fffd2dae000 r-xp 00000000 00:00 0                          [vdso]
ffffffffff600000-ffffffffff601000 r-xp 00000000 00:00 0                  [vsyscall]

VM Arguments:
jvm_args: -Dfile.encoding=UTF-8 -Xbootclasspath:/home/ruibiao/soft/adt-bundle-linux-x86_64-20140321/sdk/platforms/android-19/android.jar 
java_command: cn.ry.diary.demo.exception.NegativeAgeException
Launcher Type: SUN_STANDARD

Environment Variables:
PATH=/usr/lib/lightdm/lightdm:/usr/local/sbin:/usr/local/bin:/usr/sbin:/usr/bin:/sbin:/bin:/usr/games
SHELL=/bin/bash
DISPLAY=:0.0

Signal Handlers:
SIGSEGV: [libjvm.so+0x926aa0], sa_mask[0]=0x7ffbfeff, sa_flags=0x10000004
SIGBUS: [libjvm.so+0x926aa0], sa_mask[0]=0x7ffbfeff, sa_flags=0x10000004
SIGFPE: [libjvm.so+0x7a59e0], sa_mask[0]=0x7ffbfeff, sa_flags=0x10000004
SIGPIPE: [libjvm.so+0x7a59e0], sa_mask[0]=0x7ffbfeff, sa_flags=0x10000004
SIGXFSZ: [libjvm.so+0x7a59e0], sa_mask[0]=0x7ffbfeff, sa_flags=0x10000004
SIGILL: [libjvm.so+0x7a59e0], sa_mask[0]=0x7ffbfeff, sa_flags=0x10000004
SIGUSR1: SIG_DFL, sa_mask[0]=0x00000000, sa_flags=0x00000000
SIGUSR2: [libjvm.so+0x7a5c00], sa_mask[0]=0x00000004, sa_flags=0x10000004
SIGHUP: SIG_DFL, sa_mask[0]=0x00000000, sa_flags=0x00000000
SIGINT: SIG_DFL, sa_mask[0]=0x00000000, sa_flags=0x00000000
SIGTERM: SIG_DFL, sa_mask[0]=0x00000000, sa_flags=0x00000000
SIGQUIT: SIG_DFL, sa_mask[0]=0x00000000, sa_flags=0x00000000
SIGTRAP: SIG_DFL, sa_mask[0]=0x00000000, sa_flags=0x00000000


---------------  S Y S T E M  ---------------

OS:Ubuntu 12.04 (precise)
uname:Linux 3.13.0-46-generic #79~precise1-Ubuntu SMP Tue Mar 10 20:25:33 UTC 2015 x86_64
libc:glibc 2.15 NPTL 2.15 
rlimit: STACK 8192k, CORE 0k, NPROC 46805, NOFILE 4096, AS infinity
load average:0.85 0.39 0.32

/proc/meminfo:
MemTotal:        6012092 kB
MemFree:         3046580 kB
Buffers:           79824 kB
Cached:          1336260 kB
SwapCached:            0 kB
Active:          1743328 kB
Inactive:         992584 kB
Active(anon):    1321264 kB
Inactive(anon):   228568 kB
Active(file):     422064 kB
Inactive(file):   764016 kB
Unevictable:           0 kB
Mlocked:               0 kB
SwapTotal:       3998716 kB
SwapFree:        3998716 kB
Dirty:              2984 kB
Writeback:             0 kB
AnonPages:       1319740 kB
Mapped:           252656 kB
Shmem:            229788 kB
Slab:             109980 kB
SReclaimable:      78816 kB
SUnreclaim:        31164 kB
KernelStack:        4072 kB
PageTables:        30860 kB
NFS_Unstable:          0 kB
Bounce:                0 kB
WritebackTmp:          0 kB
CommitLimit:     7004760 kB
Committed_AS:    3941860 kB
VmallocTotal:   34359738367 kB
VmallocUsed:      408072 kB
VmallocChunk:   34359326964 kB
HardwareCorrupted:     0 kB
AnonHugePages:    724992 kB
HugePages_Total:       0
HugePages_Free:        0
HugePages_Rsvd:        0
HugePages_Surp:        0
Hugepagesize:       2048 kB
DirectMap4k:       82684 kB
DirectMap2M:     6109184 kB


CPU:total 4 (2 cores per cpu, 2 threads per core) family 6 model 58 stepping 9, cmov, cx8, fxsr, mmx, sse, sse2, sse3, ssse3, sse4.1, sse4.2, popcnt, avx, erms, ht, tsc, tscinvbit, tscinv

/proc/cpuinfo:
processor	: 0
vendor_id	: GenuineIntel
cpu family	: 6
model		: 58
model name	: Intel(R) Core(TM) i3-3110M CPU @ 2.40GHz
stepping	: 9
microcode	: 0x12
cpu MHz		: 2400.000
cache size	: 3072 KB
physical id	: 0
siblings	: 4
core id		: 0
cpu cores	: 2
apicid		: 0
initial apicid	: 0
fpu		: yes
fpu_exception	: yes
cpuid level	: 13
wp		: yes
flags		: fpu vme de pse tsc msr pae mce cx8 apic sep mtrr pge mca cmov pat pse36 clflush dts acpi mmx fxsr sse sse2 ss ht tm pbe syscall nx rdtscp lm constant_tsc arch_perfmon pebs bts rep_good nopl xtopology nonstop_tsc aperfmperf eagerfpu pni pclmulqdq dtes64 monitor ds_cpl vmx est tm2 ssse3 cx16 xtpr pdcm pcid sse4_1 sse4_2 x2apic popcnt tsc_deadline_timer xsave avx f16c lahf_lm arat epb xsaveopt pln pts dtherm tpr_shadow vnmi flexpriority ept vpid fsgsbase smep erms
bogomips	: 4789.28
clflush size	: 64
cache_alignment	: 64
address sizes	: 36 bits physical, 48 bits virtual
power management:

processor	: 1
vendor_id	: GenuineIntel
cpu family	: 6
model		: 58
model name	: Intel(R) Core(TM) i3-3110M CPU @ 2.40GHz
stepping	: 9
microcode	: 0x12
cpu MHz		: 2400.000
cache size	: 3072 KB
physical id	: 0
siblings	: 4
core id		: 0
cpu cores	: 2
apicid		: 1
initial apicid	: 1
fpu		: yes
fpu_exception	: yes
cpuid level	: 13
wp		: yes
flags		: fpu vme de pse tsc msr pae mce cx8 apic sep mtrr pge mca cmov pat pse36 clflush dts acpi mmx fxsr sse sse2 ss ht tm pbe syscall nx rdtscp lm constant_tsc arch_perfmon pebs bts rep_good nopl xtopology nonstop_tsc aperfmperf eagerfpu pni pclmulqdq dtes64 monitor ds_cpl vmx est tm2 ssse3 cx16 xtpr pdcm pcid sse4_1 sse4_2 x2apic popcnt tsc_deadline_timer xsave avx f16c lahf_lm arat epb xsaveopt pln pts dtherm tpr_shadow vnmi flexpriority ept vpid fsgsbase smep erms
bogomips	: 4789.28
clflush size	: 64
cache_alignment	: 64
address sizes	: 36 bits physical, 48 bits virtual
power management:

processor	: 2
vendor_id	: GenuineIntel
cpu family	: 6
model		: 58
model name	: Intel(R) Core(TM) i3-3110M CPU @ 2.40GHz
stepping	: 9
microcode	: 0x12
cpu MHz		: 1300.000
cache size	: 3072 KB
physical id	: 0
siblings	: 4
core id		: 1
cpu cores	: 2
apicid		: 2
initial apicid	: 2
fpu		: yes
fpu_exception	: yes
cpuid level	: 13
wp		: yes
flags		: fpu vme de pse tsc msr pae mce cx8 apic sep mtrr pge mca cmov pat pse36 clflush dts acpi mmx fxsr sse sse2 ss ht tm pbe syscall nx rdtscp lm constant_tsc arch_perfmon pebs bts rep_good nopl xtopology nonstop_tsc aperfmperf eagerfpu pni pclmulqdq dtes64 monitor ds_cpl vmx est tm2 ssse3 cx16 xtpr pdcm pcid sse4_1 sse4_2 x2apic popcnt tsc_deadline_timer xsave avx f16c lahf_lm arat epb xsaveopt pln pts dtherm tpr_shadow vnmi flexpriority ept vpid fsgsbase smep erms
bogomips	: 4789.28
clflush size	: 64
cache_alignment	: 64
address sizes	: 36 bits physical, 48 bits virtual
power management:

processor	: 3
vendor_id	: GenuineIntel
cpu family	: 6
model		: 58
model name	: Intel(R) Core(TM) i3-3110M CPU @ 2.40GHz
stepping	: 9
microcode	: 0x12
cpu MHz		: 2400.000
cache size	: 3072 KB
physical id	: 0
siblings	: 4
core id		: 1
cpu cores	: 2
apicid		: 3
initial apicid	: 3
fpu		: yes
fpu_exception	: yes
cpuid level	: 13
wp		: yes
flags		: fpu vme de pse tsc msr pae mce cx8 apic sep mtrr pge mca cmov pat pse36 clflush dts acpi mmx fxsr sse sse2 ss ht tm pbe syscall nx rdtscp lm constant_tsc arch_perfmon pebs bts rep_good nopl xtopology nonstop_tsc aperfmperf eagerfpu pni pclmulqdq dtes64 monitor ds_cpl vmx est tm2 ssse3 cx16 xtpr pdcm pcid sse4_1 sse4_2 x2apic popcnt tsc_deadline_timer xsave avx f16c lahf_lm arat epb xsaveopt pln pts dtherm tpr_shadow vnmi flexpriority ept vpid fsgsbase smep erms
bogomips	: 4789.28
clflush size	: 64
cache_alignment	: 64
address sizes	: 36 bits physical, 48 bits virtual
power management:



Memory: 4k page, physical 6012092k(3046580k free), swap 3998716k(3998716k free)

vm_info: OpenJDK 64-Bit Server VM (24.75-b04) for linux-amd64 JRE (1.7.0_75-b13), built on Jan 27 2015 16:25:00 by "buildd" with gcc 4.6.3

time: Mon May 25 23:04:43 2015
elapsed time: 0 seconds

