#
# A fatal error has been detected by the Java Runtime Environment:
#
#  Internal Error (javaClasses.cpp:139), pid=14628, tid=140333269047040
#  fatal error: Invalid layout of preloaded class
#
# JRE version:  (7.0_75-b13) (build )
# Java VM: OpenJDK 64-Bit Server VM (24.75-b04 mixed mode linux-amd64 compressed oops)
# Derivative: IcedTea 2.5.4
# Distribution: Ubuntu 12.04 LTS, package 7u75-2.5.4-1~precise1
# Failed to write core dump. Core dumps have been disabled. To enable core dumping, try "ulimit -c unlimited" before starting Java again
#
# If you would like to submit a bug report, please include
# instructions on how to reproduce the bug and visit:
#   http://icedtea.classpath.org/bugzilla
#

---------------  T H R E A D  ---------------

Current thread (0x00007fa1dc00a000):  JavaThread "Unknown thread" [_thread_in_vm, id=14630, stack(0x00007fa1e296d000,0x00007fa1e2a6e000)]

Stack: [0x00007fa1e296d000,0x00007fa1e2a6e000],  sp=0x00007fa1e2a6c930,  free space=1022k
Native frames: (J=compiled Java code, j=interpreted, Vv=VM code, C=native code)
V  [libjvm.so+0x926043]  VMError::report_and_die()+0x173
V  [libjvm.so+0x488b53]  report_fatal(char const*, int, char const*)+0x53
V  [libjvm.so+0x5dc962]  compute_offset(int&, klassOopDesc*, Symbol*, Symbol*, bool) [clone .constprop.133]+0x112
V  [libjvm.so+0x5dcb86]  java_lang_String::compute_offsets()+0x36
V  [libjvm.so+0x8a9f3d]  SystemDictionary::initialize_preloaded_classes(Thread*)+0x3d
V  [libjvm.so+0x8f9b1b]  Universe::genesis(Thread*)+0x45b
V  [libjvm.so+0x8f9fbf]  universe2_init()+0x1f
V  [libjvm.so+0x58f3fa]  init_globals()+0x9a
V  [libjvm.so+0x8de2a9]  Threads::create_vm(JavaVMInitArgs*, bool*)+0x329
V  [libjvm.so+0x5f9eaa]  JNI_CreateJavaVM+0x5a
C  [libjli.so+0x2a47]


---------------  P R O C E S S  ---------------

Java Threads: ( => current thread )

Other Threads:

=>0x00007fa1dc00a000 (exited) JavaThread "Unknown thread" [_thread_in_vm, id=14630, stack(0x00007fa1e296d000,0x00007fa1e2a6e000)]

VM state:not at safepoint (not fully initialized)

VM Mutex/Monitor currently owned by a thread: None

GC Heap History (0 events):
No events

Deoptimization events (0 events):
No events

Internal exceptions (0 events):
No events

Events (10 events):
Event: 0.006 loading class 0x00007fa1d45ac710 done
Event: 0.006 loading class 0x00007fa1d45ac110 done
Event: 0.006 loading class 0x00007fa1d45ac0f0
Event: 0.006 loading class 0x00007fa1d45b41a0
Event: 0.006 loading class 0x00007fa1d45b41a0 done
Event: 0.006 loading class 0x00007fa1d45b41d0
Event: 0.006 loading class 0x00007fa1d45b41d0 done
Event: 0.006 loading class 0x00007fa1d45b4200
Event: 0.007 loading class 0x00007fa1d45b4200 done
Event: 0.007 loading class 0x00007fa1d45ac0f0 done


Dynamic libraries:
00400000-00401000 r-xp 00000000 08:08 1981884                            /usr/lib/jvm/java-7-openjdk-amd64/jre/bin/java
00600000-00601000 r--p 00000000 08:08 1981884                            /usr/lib/jvm/java-7-openjdk-amd64/jre/bin/java
00601000-00602000 rw-p 00001000 08:08 1981884                            /usr/lib/jvm/java-7-openjdk-amd64/jre/bin/java
0070a000-0072b000 rw-p 00000000 00:00 0                                  [heap]
99e00000-9b300000 rw-p 00000000 00:00 0 
9b300000-a4400000 rw-p 00000000 00:00 0 
a4400000-a8100000 rw-p 00000000 00:00 0 
a8100000-e1680000 rw-p 00000000 00:00 0 
e1680000-e3580000 rw-p 00000000 00:00 0 
e3580000-100000000 rw-p 00000000 00:00 0 
7fa1b8000000-7fa1b8021000 rw-p 00000000 00:00 0 
7fa1b8021000-7fa1bc000000 ---p 00000000 00:00 0 
7fa1c0000000-7fa1c0021000 rw-p 00000000 00:00 0 
7fa1c0021000-7fa1c4000000 ---p 00000000 00:00 0 
7fa1c8000000-7fa1c8021000 rw-p 00000000 00:00 0 
7fa1c8021000-7fa1cc000000 ---p 00000000 00:00 0 
7fa1d0000000-7fa1d0021000 rw-p 00000000 00:00 0 
7fa1d0021000-7fa1d4000000 ---p 00000000 00:00 0 
7fa1d41f9000-7fa1d445f000 rw-p 00000000 00:00 0 
7fa1d445f000-7fa1d4536000 r--s 013fe000 08:09 7738182                    /home/ruibiao/soft/adt-bundle-linux-x86_64-20140321/sdk/platforms/android-19/android.jar
7fa1d4536000-7fa1d7c48000 rw-p 00000000 00:00 0 
7fa1d7c48000-7fa1d7c49000 ---p 00000000 00:00 0 
7fa1d7c49000-7fa1d7d49000 rw-p 00000000 00:00 0                          [stack:14634]
7fa1d7d49000-7fa1d7d4a000 ---p 00000000 00:00 0 
7fa1d7d4a000-7fa1d7e4a000 rw-p 00000000 00:00 0                          [stack:14633]
7fa1d7e4a000-7fa1d7e4b000 ---p 00000000 00:00 0 
7fa1d7e4b000-7fa1d7f4b000 rw-p 00000000 00:00 0                          [stack:14632]
7fa1d7f4b000-7fa1d7f4c000 ---p 00000000 00:00 0 
7fa1d7f4c000-7fa1d8057000 rw-p 00000000 00:00 0                          [stack:14631]
7fa1d8057000-7fa1d809f000 rw-p 00000000 00:00 0 
7fa1d809f000-7fa1d80be000 rw-p 00000000 00:00 0 
7fa1d80be000-7fa1d8289000 rw-p 00000000 00:00 0 
7fa1d8289000-7fa1d8294000 rw-p 00000000 00:00 0 
7fa1d8294000-7fa1d82dc000 rw-p 00000000 00:00 0 
7fa1d82dc000-7fa1d82fb000 rw-p 00000000 00:00 0 
7fa1d82fb000-7fa1d84c5000 rw-p 00000000 00:00 0 
7fa1d84c5000-7fa1d84d5000 rw-p 00000000 00:00 0 
7fa1d84d5000-7fa1d85ba000 rw-p 00000000 00:00 0 
7fa1d85ba000-7fa1d85bb000 rw-p 00000000 00:00 0 
7fa1d85bb000-7fa1d882b000 rwxp 00000000 00:00 0 
7fa1d882b000-7fa1db5bb000 rw-p 00000000 00:00 0 
7fa1db5bb000-7fa1db5c3000 r-xp 00000000 08:08 1981801                    /usr/lib/jvm/java-7-openjdk-amd64/jre/lib/amd64/libzip.so
7fa1db5c3000-7fa1db7c2000 ---p 00008000 08:08 1981801                    /usr/lib/jvm/java-7-openjdk-amd64/jre/lib/amd64/libzip.so
7fa1db7c2000-7fa1db7c3000 r--p 00007000 08:08 1981801                    /usr/lib/jvm/java-7-openjdk-amd64/jre/lib/amd64/libzip.so
7fa1db7c3000-7fa1db7c4000 rw-p 00008000 08:08 1981801                    /usr/lib/jvm/java-7-openjdk-amd64/jre/lib/amd64/libzip.so
7fa1db7c4000-7fa1db7d0000 r-xp 00000000 08:08 393337                     /lib/x86_64-linux-gnu/libnss_files-2.15.so
7fa1db7d0000-7fa1db9cf000 ---p 0000c000 08:08 393337                     /lib/x86_64-linux-gnu/libnss_files-2.15.so
7fa1db9cf000-7fa1db9d0000 r--p 0000b000 08:08 393337                     /lib/x86_64-linux-gnu/libnss_files-2.15.so
7fa1db9d0000-7fa1db9d1000 rw-p 0000c000 08:08 393337                     /lib/x86_64-linux-gnu/libnss_files-2.15.so
7fa1db9d1000-7fa1db9db000 r-xp 00000000 08:08 393333                     /lib/x86_64-linux-gnu/libnss_nis-2.15.so
7fa1db9db000-7fa1dbbdb000 ---p 0000a000 08:08 393333                     /lib/x86_64-linux-gnu/libnss_nis-2.15.so
7fa1dbbdb000-7fa1dbbdc000 r--p 0000a000 08:08 393333                     /lib/x86_64-linux-gnu/libnss_nis-2.15.so
7fa1dbbdc000-7fa1dbbdd000 rw-p 0000b000 08:08 393333                     /lib/x86_64-linux-gnu/libnss_nis-2.15.so
7fa1dbbdd000-7fa1dbbf4000 r-xp 00000000 08:08 393336                     /lib/x86_64-linux-gnu/libnsl-2.15.so
7fa1dbbf4000-7fa1dbdf3000 ---p 00017000 08:08 393336                     /lib/x86_64-linux-gnu/libnsl-2.15.so
7fa1dbdf3000-7fa1dbdf4000 r--p 00016000 08:08 393336                     /lib/x86_64-linux-gnu/libnsl-2.15.so
7fa1dbdf4000-7fa1dbdf5000 rw-p 00017000 08:08 393336                     /lib/x86_64-linux-gnu/libnsl-2.15.so
7fa1dbdf5000-7fa1dbdf7000 rw-p 00000000 00:00 0 
7fa1dbdf7000-7fa1dbdff000 r-xp 00000000 08:08 393339                     /lib/x86_64-linux-gnu/libnss_compat-2.15.so
7fa1dbdff000-7fa1dbffe000 ---p 00008000 08:08 393339                     /lib/x86_64-linux-gnu/libnss_compat-2.15.so
7fa1dbffe000-7fa1dbfff000 r--p 00007000 08:08 393339                     /lib/x86_64-linux-gnu/libnss_compat-2.15.so
7fa1dbfff000-7fa1dc000000 rw-p 00008000 08:08 393339                     /lib/x86_64-linux-gnu/libnss_compat-2.15.so
7fa1dc000000-7fa1dc052000 rw-p 00000000 00:00 0 
7fa1dc052000-7fa1e0000000 ---p 00000000 00:00 0 
7fa1e0009000-7fa1e0031000 rw-p 00000000 00:00 0 
7fa1e0031000-7fa1e005a000 r-xp 00000000 08:08 1981798                    /usr/lib/jvm/java-7-openjdk-amd64/jre/lib/amd64/libjava.so
7fa1e005a000-7fa1e0259000 ---p 00029000 08:08 1981798                    /usr/lib/jvm/java-7-openjdk-amd64/jre/lib/amd64/libjava.so
7fa1e0259000-7fa1e025a000 r--p 00028000 08:08 1981798                    /usr/lib/jvm/java-7-openjdk-amd64/jre/lib/amd64/libjava.so
7fa1e025a000-7fa1e025c000 rw-p 00029000 08:08 1981798                    /usr/lib/jvm/java-7-openjdk-amd64/jre/lib/amd64/libjava.so
7fa1e025c000-7fa1e026a000 r-xp 00000000 08:08 1981813                    /usr/lib/jvm/java-7-openjdk-amd64/jre/lib/amd64/libverify.so
7fa1e026a000-7fa1e0469000 ---p 0000e000 08:08 1981813                    /usr/lib/jvm/java-7-openjdk-amd64/jre/lib/amd64/libverify.so
7fa1e0469000-7fa1e046b000 r--p 0000d000 08:08 1981813                    /usr/lib/jvm/java-7-openjdk-amd64/jre/lib/amd64/libverify.so
7fa1e046b000-7fa1e046c000 rw-p 0000f000 08:08 1981813                    /usr/lib/jvm/java-7-openjdk-amd64/jre/lib/amd64/libverify.so
7fa1e046c000-7fa1e0473000 r-xp 00000000 08:08 393238                     /lib/x86_64-linux-gnu/librt-2.15.so
7fa1e0473000-7fa1e0672000 ---p 00007000 08:08 393238                     /lib/x86_64-linux-gnu/librt-2.15.so
7fa1e0672000-7fa1e0673000 r--p 00006000 08:08 393238                     /lib/x86_64-linux-gnu/librt-2.15.so
7fa1e0673000-7fa1e0674000 rw-p 00007000 08:08 393238                     /lib/x86_64-linux-gnu/librt-2.15.so
7fa1e0674000-7fa1e0689000 r-xp 00000000 08:08 397365                     /lib/x86_64-linux-gnu/libgcc_s.so.1
7fa1e0689000-7fa1e0888000 ---p 00015000 08:08 397365                     /lib/x86_64-linux-gnu/libgcc_s.so.1
7fa1e0888000-7fa1e0889000 r--p 00014000 08:08 397365                     /lib/x86_64-linux-gnu/libgcc_s.so.1
7fa1e0889000-7fa1e088a000 rw-p 00015000 08:08 397365                     /lib/x86_64-linux-gnu/libgcc_s.so.1
7fa1e088a000-7fa1e0985000 r-xp 00000000 08:08 393344                     /lib/x86_64-linux-gnu/libm-2.15.so
7fa1e0985000-7fa1e0b84000 ---p 000fb000 08:08 393344                     /lib/x86_64-linux-gnu/libm-2.15.so
7fa1e0b84000-7fa1e0b85000 r--p 000fa000 08:08 393344                     /lib/x86_64-linux-gnu/libm-2.15.so
7fa1e0b85000-7fa1e0b86000 rw-p 000fb000 08:08 393344                     /lib/x86_64-linux-gnu/libm-2.15.so
7fa1e0b86000-7fa1e0c68000 r-xp 00000000 08:08 1974540                    /usr/lib/x86_64-linux-gnu/libstdc++.so.6.0.16
7fa1e0c68000-7fa1e0e67000 ---p 000e2000 08:08 1974540                    /usr/lib/x86_64-linux-gnu/libstdc++.so.6.0.16
7fa1e0e67000-7fa1e0e6f000 r--p 000e1000 08:08 1974540                    /usr/lib/x86_64-linux-gnu/libstdc++.so.6.0.16
7fa1e0e6f000-7fa1e0e71000 rw-p 000e9000 08:08 1974540                    /usr/lib/x86_64-linux-gnu/libstdc++.so.6.0.16
7fa1e0e71000-7fa1e0e86000 rw-p 00000000 00:00 0 
7fa1e0e86000-7fa1e1975000 r-xp 00000000 08:08 1981827                    /usr/lib/jvm/java-7-openjdk-amd64/jre/lib/amd64/server/libjvm.so
7fa1e1975000-7fa1e1b74000 ---p 00aef000 08:08 1981827                    /usr/lib/jvm/java-7-openjdk-amd64/jre/lib/amd64/server/libjvm.so
7fa1e1b74000-7fa1e1c15000 r--p 00aee000 08:08 1981827                    /usr/lib/jvm/java-7-openjdk-amd64/jre/lib/amd64/server/libjvm.so
7fa1e1c15000-7fa1e1c38000 rw-p 00b8f000 08:08 1981827                    /usr/lib/jvm/java-7-openjdk-amd64/jre/lib/amd64/server/libjvm.so
7fa1e1c38000-7fa1e1c65000 rw-p 00000000 00:00 0 
7fa1e1c65000-7fa1e1c7b000 r-xp 00000000 08:08 397455                     /lib/x86_64-linux-gnu/libz.so.1.2.3.4
7fa1e1c7b000-7fa1e1e7a000 ---p 00016000 08:08 397455                     /lib/x86_64-linux-gnu/libz.so.1.2.3.4
7fa1e1e7a000-7fa1e1e7b000 r--p 00015000 08:08 397455                     /lib/x86_64-linux-gnu/libz.so.1.2.3.4
7fa1e1e7b000-7fa1e1e7c000 rw-p 00016000 08:08 397455                     /lib/x86_64-linux-gnu/libz.so.1.2.3.4
7fa1e1e7c000-7fa1e1e94000 r-xp 00000000 08:08 393335                     /lib/x86_64-linux-gnu/libpthread-2.15.so
7fa1e1e94000-7fa1e2093000 ---p 00018000 08:08 393335                     /lib/x86_64-linux-gnu/libpthread-2.15.so
7fa1e2093000-7fa1e2094000 r--p 00017000 08:08 393335                     /lib/x86_64-linux-gnu/libpthread-2.15.so
7fa1e2094000-7fa1e2095000 rw-p 00018000 08:08 393335                     /lib/x86_64-linux-gnu/libpthread-2.15.so
7fa1e2095000-7fa1e2099000 rw-p 00000000 00:00 0 
7fa1e2099000-7fa1e209b000 r-xp 00000000 08:08 397196                     /lib/x86_64-linux-gnu/libdl-2.15.so
7fa1e209b000-7fa1e229b000 ---p 00002000 08:08 397196                     /lib/x86_64-linux-gnu/libdl-2.15.so
7fa1e229b000-7fa1e229c000 r--p 00002000 08:08 397196                     /lib/x86_64-linux-gnu/libdl-2.15.so
7fa1e229c000-7fa1e229d000 rw-p 00003000 08:08 397196                     /lib/x86_64-linux-gnu/libdl-2.15.so
7fa1e229d000-7fa1e2451000 r-xp 00000000 08:08 393334                     /lib/x86_64-linux-gnu/libc-2.15.so
7fa1e2451000-7fa1e2651000 ---p 001b4000 08:08 393334                     /lib/x86_64-linux-gnu/libc-2.15.so
7fa1e2651000-7fa1e2655000 r--p 001b4000 08:08 393334                     /lib/x86_64-linux-gnu/libc-2.15.so
7fa1e2655000-7fa1e2657000 rw-p 001b8000 08:08 393334                     /lib/x86_64-linux-gnu/libc-2.15.so
7fa1e2657000-7fa1e265c000 rw-p 00000000 00:00 0 
7fa1e265c000-7fa1e2669000 r-xp 00000000 08:08 1981833                    /usr/lib/jvm/java-7-openjdk-amd64/jre/lib/amd64/jli/libjli.so
7fa1e2669000-7fa1e2868000 ---p 0000d000 08:08 1981833                    /usr/lib/jvm/java-7-openjdk-amd64/jre/lib/amd64/jli/libjli.so
7fa1e2868000-7fa1e2869000 r--p 0000c000 08:08 1981833                    /usr/lib/jvm/java-7-openjdk-amd64/jre/lib/amd64/jli/libjli.so
7fa1e2869000-7fa1e286a000 rw-p 0000d000 08:08 1981833                    /usr/lib/jvm/java-7-openjdk-amd64/jre/lib/amd64/jli/libjli.so
7fa1e286a000-7fa1e288c000 r-xp 00000000 08:08 393343                     /lib/x86_64-linux-gnu/ld-2.15.so
7fa1e288d000-7fa1e28b7000 rw-p 00000000 00:00 0 
7fa1e28b7000-7fa1e296d000 rw-p 00000000 00:00 0 
7fa1e296d000-7fa1e2970000 ---p 00000000 00:00 0 
7fa1e2970000-7fa1e2a73000 rw-p 00000000 00:00 0                          [stack:14630]
7fa1e2a7e000-7fa1e2a80000 rw-p 00000000 00:00 0 
7fa1e2a80000-7fa1e2a88000 rw-s 00000000 08:08 1835051                    /tmp/hsperfdata_ruibiao/14628
7fa1e2a88000-7fa1e2a89000 rw-p 00000000 00:00 0 
7fa1e2a89000-7fa1e2a8a000 r--p 00000000 00:00 0 
7fa1e2a8a000-7fa1e2a8c000 rw-p 00000000 00:00 0 
7fa1e2a8c000-7fa1e2a8d000 r--p 00022000 08:08 393343                     /lib/x86_64-linux-gnu/ld-2.15.so
7fa1e2a8d000-7fa1e2a8f000 rw-p 00023000 08:08 393343                     /lib/x86_64-linux-gnu/ld-2.15.so
7fffb5bf3000-7fffb5c14000 rw-p 00000000 00:00 0                          [stack]
7fffb5c21000-7fffb5c23000 r-xp 00000000 00:00 0                          [vdso]
ffffffffff600000-ffffffffff601000 r-xp 00000000 00:00 0                  [vsyscall]

VM Arguments:
jvm_args: -Dfile.encoding=UTF-8 -Xbootclasspath:/home/ruibiao/soft/adt-bundle-linux-x86_64-20140321/sdk/platforms/android-19/android.jar 
java_command: cn.ry.diary.demo.exception.NegativeAgeException
Launcher Type: SUN_STANDARD

Environment Variables:
PATH=/usr/lib/lightdm/lightdm:/usr/local/sbin:/usr/local/bin:/usr/sbin:/usr/bin:/sbin:/bin:/usr/games
SHELL=/bin/bash
DISPLAY=:0.0

Signal Handlers:
SIGSEGV: [libjvm.so+0x926aa0], sa_mask[0]=0x7ffbfeff, sa_flags=0x10000004
SIGBUS: [libjvm.so+0x926aa0], sa_mask[0]=0x7ffbfeff, sa_flags=0x10000004
SIGFPE: [libjvm.so+0x7a59e0], sa_mask[0]=0x7ffbfeff, sa_flags=0x10000004
SIGPIPE: [libjvm.so+0x7a59e0], sa_mask[0]=0x7ffbfeff, sa_flags=0x10000004
SIGXFSZ: [libjvm.so+0x7a59e0], sa_mask[0]=0x7ffbfeff, sa_flags=0x10000004
SIGILL: [libjvm.so+0x7a59e0], sa_mask[0]=0x7ffbfeff, sa_flags=0x10000004
SIGUSR1: SIG_DFL, sa_mask[0]=0x00000000, sa_flags=0x00000000
SIGUSR2: [libjvm.so+0x7a5c00], sa_mask[0]=0x00000004, sa_flags=0x10000004
SIGHUP: SIG_DFL, sa_mask[0]=0x00000000, sa_flags=0x00000000
SIGINT: SIG_DFL, sa_mask[0]=0x00000000, sa_flags=0x00000000
SIGTERM: SIG_DFL, sa_mask[0]=0x00000000, sa_flags=0x00000000
SIGQUIT: SIG_DFL, sa_mask[0]=0x00000000, sa_flags=0x00000000
SIGTRAP: SIG_DFL, sa_mask[0]=0x00000000, sa_flags=0x00000000


---------------  S Y S T E M  ---------------

OS:Ubuntu 12.04 (precise)
uname:Linux 3.13.0-46-generic #79~precise1-Ubuntu SMP Tue Mar 10 20:25:33 UTC 2015 x86_64
libc:glibc 2.15 NPTL 2.15 
rlimit: STACK 8192k, CORE 0k, NPROC 46805, NOFILE 4096, AS infinity
load average:0.27 0.26 0.27

/proc/meminfo:
MemTotal:        6012092 kB
MemFree:         3071500 kB
Buffers:           78076 kB
Cached:          1330944 kB
SwapCached:            0 kB
Active:          1716500 kB
Inactive:         996336 kB
Active(anon):    1305260 kB
Inactive(anon):   230516 kB
Active(file):     411240 kB
Inactive(file):   765820 kB
Unevictable:           0 kB
Mlocked:               0 kB
SwapTotal:       3998716 kB
SwapFree:        3998716 kB
Dirty:               148 kB
Writeback:             0 kB
AnonPages:       1303804 kB
Mapped:           254676 kB
Shmem:            231860 kB
Slab:             108788 kB
SReclaimable:      77628 kB
SUnreclaim:        31160 kB
KernelStack:        4040 kB
PageTables:        30300 kB
NFS_Unstable:          0 kB
Bounce:                0 kB
WritebackTmp:          0 kB
CommitLimit:     7004760 kB
Committed_AS:    3913616 kB
VmallocTotal:   34359738367 kB
VmallocUsed:      408072 kB
VmallocChunk:   34359326964 kB
HardwareCorrupted:     0 kB
AnonHugePages:    731136 kB
HugePages_Total:       0
HugePages_Free:        0
HugePages_Rsvd:        0
HugePages_Surp:        0
Hugepagesize:       2048 kB
DirectMap4k:       82684 kB
DirectMap2M:     6109184 kB


CPU:total 4 (2 cores per cpu, 2 threads per core) family 6 model 58 stepping 9, cmov, cx8, fxsr, mmx, sse, sse2, sse3, ssse3, sse4.1, sse4.2, popcnt, avx, erms, ht, tsc, tscinvbit, tscinv

/proc/cpuinfo:
processor	: 0
vendor_id	: GenuineIntel
cpu family	: 6
model		: 58
model name	: Intel(R) Core(TM) i3-3110M CPU @ 2.40GHz
stepping	: 9
microcode	: 0x12
cpu MHz		: 2000.000
cache size	: 3072 KB
physical id	: 0
siblings	: 4
core id		: 0
cpu cores	: 2
apicid		: 0
initial apicid	: 0
fpu		: yes
fpu_exception	: yes
cpuid level	: 13
wp		: yes
flags		: fpu vme de pse tsc msr pae mce cx8 apic sep mtrr pge mca cmov pat pse36 clflush dts acpi mmx fxsr sse sse2 ss ht tm pbe syscall nx rdtscp lm constant_tsc arch_perfmon pebs bts rep_good nopl xtopology nonstop_tsc aperfmperf eagerfpu pni pclmulqdq dtes64 monitor ds_cpl vmx est tm2 ssse3 cx16 xtpr pdcm pcid sse4_1 sse4_2 x2apic popcnt tsc_deadline_timer xsave avx f16c lahf_lm arat epb xsaveopt pln pts dtherm tpr_shadow vnmi flexpriority ept vpid fsgsbase smep erms
bogomips	: 4789.28
clflush size	: 64
cache_alignment	: 64
address sizes	: 36 bits physical, 48 bits virtual
power management:

processor	: 1
vendor_id	: GenuineIntel
cpu family	: 6
model		: 58
model name	: Intel(R) Core(TM) i3-3110M CPU @ 2.40GHz
stepping	: 9
microcode	: 0x12
cpu MHz		: 1200.000
cache size	: 3072 KB
physical id	: 0
siblings	: 4
core id		: 0
cpu cores	: 2
apicid		: 1
initial apicid	: 1
fpu		: yes
fpu_exception	: yes
cpuid level	: 13
wp		: yes
flags		: fpu vme de pse tsc msr pae mce cx8 apic sep mtrr pge mca cmov pat pse36 clflush dts acpi mmx fxsr sse sse2 ss ht tm pbe syscall nx rdtscp lm constant_tsc arch_perfmon pebs bts rep_good nopl xtopology nonstop_tsc aperfmperf eagerfpu pni pclmulqdq dtes64 monitor ds_cpl vmx est tm2 ssse3 cx16 xtpr pdcm pcid sse4_1 sse4_2 x2apic popcnt tsc_deadline_timer xsave avx f16c lahf_lm arat epb xsaveopt pln pts dtherm tpr_shadow vnmi flexpriority ept vpid fsgsbase smep erms
bogomips	: 4789.28
clflush size	: 64
cache_alignment	: 64
address sizes	: 36 bits physical, 48 bits virtual
power management:

processor	: 2
vendor_id	: GenuineIntel
cpu family	: 6
model		: 58
model name	: Intel(R) Core(TM) i3-3110M CPU @ 2.40GHz
stepping	: 9
microcode	: 0x12
cpu MHz		: 1200.000
cache size	: 3072 KB
physical id	: 0
siblings	: 4
core id		: 1
cpu cores	: 2
apicid		: 2
initial apicid	: 2
fpu		: yes
fpu_exception	: yes
cpuid level	: 13
wp		: yes
flags		: fpu vme de pse tsc msr pae mce cx8 apic sep mtrr pge mca cmov pat pse36 clflush dts acpi mmx fxsr sse sse2 ss ht tm pbe syscall nx rdtscp lm constant_tsc arch_perfmon pebs bts rep_good nopl xtopology nonstop_tsc aperfmperf eagerfpu pni pclmulqdq dtes64 monitor ds_cpl vmx est tm2 ssse3 cx16 xtpr pdcm pcid sse4_1 sse4_2 x2apic popcnt tsc_deadline_timer xsave avx f16c lahf_lm arat epb xsaveopt pln pts dtherm tpr_shadow vnmi flexpriority ept vpid fsgsbase smep erms
bogomips	: 4789.28
clflush size	: 64
cache_alignment	: 64
address sizes	: 36 bits physical, 48 bits virtual
power management:

processor	: 3
vendor_id	: GenuineIntel
cpu family	: 6
model		: 58
model name	: Intel(R) Core(TM) i3-3110M CPU @ 2.40GHz
stepping	: 9
microcode	: 0x12
cpu MHz		: 1900.000
cache size	: 3072 KB
physical id	: 0
siblings	: 4
core id		: 1
cpu cores	: 2
apicid		: 3
initial apicid	: 3
fpu		: yes
fpu_exception	: yes
cpuid level	: 13
wp		: yes
flags		: fpu vme de pse tsc msr pae mce cx8 apic sep mtrr pge mca cmov pat pse36 clflush dts acpi mmx fxsr sse sse2 ss ht tm pbe syscall nx rdtscp lm constant_tsc arch_perfmon pebs bts rep_good nopl xtopology nonstop_tsc aperfmperf eagerfpu pni pclmulqdq dtes64 monitor ds_cpl vmx est tm2 ssse3 cx16 xtpr pdcm pcid sse4_1 sse4_2 x2apic popcnt tsc_deadline_timer xsave avx f16c lahf_lm arat epb xsaveopt pln pts dtherm tpr_shadow vnmi flexpriority ept vpid fsgsbase smep erms
bogomips	: 4789.28
clflush size	: 64
cache_alignment	: 64
address sizes	: 36 bits physical, 48 bits virtual
power management:



Memory: 4k page, physical 6012092k(3071500k free), swap 3998716k(3998716k free)

vm_info: OpenJDK 64-Bit Server VM (24.75-b04) for linux-amd64 JRE (1.7.0_75-b13), built on Jan 27 2015 16:25:00 by "buildd" with gcc 4.6.3

time: Mon May 25 23:04:31 2015
elapsed time: 0 seconds

