#
# A fatal error has been detected by the Java Runtime Environment:
#
#  Internal Error (javaClasses.cpp:139), pid=16210, tid=140025422325504
#  fatal error: Invalid layout of preloaded class
#
# JRE version:  (7.0_75-b13) (build )
# Java VM: OpenJDK 64-Bit Server VM (24.75-b04 mixed mode linux-amd64 compressed oops)
# Derivative: IcedTea 2.5.4
# Distribution: Ubuntu 12.04 LTS, package 7u75-2.5.4-1~precise1
# Failed to write core dump. Core dumps have been disabled. To enable core dumping, try "ulimit -c unlimited" before starting Java again
#
# If you would like to submit a bug report, please include
# instructions on how to reproduce the bug and visit:
#   http://icedtea.classpath.org/bugzilla
#

---------------  T H R E A D  ---------------

Current thread (0x00007f5a2c00a000):  JavaThread "Unknown thread" [_thread_in_vm, id=16212, stack(0x00007f5a357ea000,0x00007f5a358eb000)]

Stack: [0x00007f5a357ea000,0x00007f5a358eb000],  sp=0x00007f5a358e9930,  free space=1022k
Native frames: (J=compiled Java code, j=interpreted, Vv=VM code, C=native code)
V  [libjvm.so+0x926043]  VMError::report_and_die()+0x173
V  [libjvm.so+0x488b53]  report_fatal(char const*, int, char const*)+0x53
V  [libjvm.so+0x5dc962]  compute_offset(int&, klassOopDesc*, Symbol*, Symbol*, bool) [clone .constprop.133]+0x112
V  [libjvm.so+0x5dcb86]  java_lang_String::compute_offsets()+0x36
V  [libjvm.so+0x8a9f3d]  SystemDictionary::initialize_preloaded_classes(Thread*)+0x3d
V  [libjvm.so+0x8f9b1b]  Universe::genesis(Thread*)+0x45b
V  [libjvm.so+0x8f9fbf]  universe2_init()+0x1f
V  [libjvm.so+0x58f3fa]  init_globals()+0x9a
V  [libjvm.so+0x8de2a9]  Threads::create_vm(JavaVMInitArgs*, bool*)+0x329
V  [libjvm.so+0x5f9eaa]  JNI_CreateJavaVM+0x5a
C  [libjli.so+0x2a47]


---------------  P R O C E S S  ---------------

Java Threads: ( => current thread )

Other Threads:

=>0x00007f5a2c00a000 (exited) JavaThread "Unknown thread" [_thread_in_vm, id=16212, stack(0x00007f5a357ea000,0x00007f5a358eb000)]

VM state:not at safepoint (not fully initialized)

VM Mutex/Monitor currently owned by a thread: None

GC Heap History (0 events):
No events

Deoptimization events (0 events):
No events

Internal exceptions (0 events):
No events

Events (10 events):
Event: 0.012 loading class 0x00007f5a31742710 done
Event: 0.012 loading class 0x00007f5a31742110 done
Event: 0.012 loading class 0x00007f5a317420f0
Event: 0.012 loading class 0x00007f5a3174a1a0
Event: 0.012 loading class 0x00007f5a3174a1a0 done
Event: 0.012 loading class 0x00007f5a3174a1d0
Event: 0.012 loading class 0x00007f5a3174a1d0 done
Event: 0.012 loading class 0x00007f5a3174a200
Event: 0.012 loading class 0x00007f5a3174a200 done
Event: 0.013 loading class 0x00007f5a317420f0 done


Dynamic libraries:
00400000-00401000 r-xp 00000000 08:08 1981884                            /usr/lib/jvm/java-7-openjdk-amd64/jre/bin/java
00600000-00601000 r--p 00000000 08:08 1981884                            /usr/lib/jvm/java-7-openjdk-amd64/jre/bin/java
00601000-00602000 rw-p 00001000 08:08 1981884                            /usr/lib/jvm/java-7-openjdk-amd64/jre/bin/java
00a70000-00a91000 rw-p 00000000 00:00 0                                  [heap]
99e00000-9b300000 rw-p 00000000 00:00 0 
9b300000-a4400000 rw-p 00000000 00:00 0 
a4400000-a8100000 rw-p 00000000 00:00 0 
a8100000-e1680000 rw-p 00000000 00:00 0 
e1680000-e3580000 rw-p 00000000 00:00 0 
e3580000-100000000 rw-p 00000000 00:00 0 
7f5a10000000-7f5a10021000 rw-p 00000000 00:00 0 
7f5a10021000-7f5a14000000 ---p 00000000 00:00 0 
7f5a18000000-7f5a18021000 rw-p 00000000 00:00 0 
7f5a18021000-7f5a1c000000 ---p 00000000 00:00 0 
7f5a1c000000-7f5a1c021000 rw-p 00000000 00:00 0 
7f5a1c021000-7f5a20000000 ---p 00000000 00:00 0 
7f5a20cf0000-7f5a24000000 rw-p 00000000 00:00 0 
7f5a24000000-7f5a24021000 rw-p 00000000 00:00 0 
7f5a24021000-7f5a28000000 ---p 00000000 00:00 0 
7f5a29000000-7f5a29270000 rwxp 00000000 00:00 0 
7f5a29270000-7f5a2c052000 rw-p 00000000 00:00 0 
7f5a2c052000-7f5a30000000 ---p 00000000 00:00 0 
7f5a3138f000-7f5a315f5000 rw-p 00000000 00:00 0 
7f5a315f5000-7f5a316cc000 r--s 013fe000 08:09 7738182                    /home/ruibiao/soft/adt-bundle-linux-x86_64-20140321/sdk/platforms/android-19/android.jar
7f5a316cc000-7f5a31af6000 rw-p 00000000 00:00 0 
7f5a31af6000-7f5a31af7000 ---p 00000000 00:00 0 
7f5a31af7000-7f5a31bf7000 rw-p 00000000 00:00 0                          [stack:16219]
7f5a31bf7000-7f5a31bf8000 ---p 00000000 00:00 0 
7f5a31bf8000-7f5a31cf8000 rw-p 00000000 00:00 0                          [stack:16218]
7f5a31cf8000-7f5a31cf9000 ---p 00000000 00:00 0 
7f5a31cf9000-7f5a31df9000 rw-p 00000000 00:00 0                          [stack:16217]
7f5a31df9000-7f5a31dfa000 ---p 00000000 00:00 0 
7f5a31dfa000-7f5a31f05000 rw-p 00000000 00:00 0                          [stack:16214]
7f5a31f05000-7f5a31f4d000 rw-p 00000000 00:00 0 
7f5a31f4d000-7f5a31f6c000 rw-p 00000000 00:00 0 
7f5a31f6c000-7f5a32137000 rw-p 00000000 00:00 0 
7f5a32137000-7f5a32142000 rw-p 00000000 00:00 0 
7f5a32142000-7f5a3218a000 rw-p 00000000 00:00 0 
7f5a3218a000-7f5a321a9000 rw-p 00000000 00:00 0 
7f5a321a9000-7f5a32373000 rw-p 00000000 00:00 0 
7f5a32373000-7f5a32383000 rw-p 00000000 00:00 0 
7f5a32383000-7f5a32468000 rw-p 00000000 00:00 0 
7f5a32468000-7f5a32469000 rw-p 00000000 00:00 0 
7f5a32469000-7f5a32471000 r-xp 00000000 08:08 1981801                    /usr/lib/jvm/java-7-openjdk-amd64/jre/lib/amd64/libzip.so
7f5a32471000-7f5a32670000 ---p 00008000 08:08 1981801                    /usr/lib/jvm/java-7-openjdk-amd64/jre/lib/amd64/libzip.so
7f5a32670000-7f5a32671000 r--p 00007000 08:08 1981801                    /usr/lib/jvm/java-7-openjdk-amd64/jre/lib/amd64/libzip.so
7f5a32671000-7f5a32672000 rw-p 00008000 08:08 1981801                    /usr/lib/jvm/java-7-openjdk-amd64/jre/lib/amd64/libzip.so
7f5a32672000-7f5a3267e000 r-xp 00000000 08:08 393337                     /lib/x86_64-linux-gnu/libnss_files-2.15.so
7f5a3267e000-7f5a3287d000 ---p 0000c000 08:08 393337                     /lib/x86_64-linux-gnu/libnss_files-2.15.so
7f5a3287d000-7f5a3287e000 r--p 0000b000 08:08 393337                     /lib/x86_64-linux-gnu/libnss_files-2.15.so
7f5a3287e000-7f5a3287f000 rw-p 0000c000 08:08 393337                     /lib/x86_64-linux-gnu/libnss_files-2.15.so
7f5a3287f000-7f5a32889000 r-xp 00000000 08:08 393333                     /lib/x86_64-linux-gnu/libnss_nis-2.15.so
7f5a32889000-7f5a32a89000 ---p 0000a000 08:08 393333                     /lib/x86_64-linux-gnu/libnss_nis-2.15.so
7f5a32a89000-7f5a32a8a000 r--p 0000a000 08:08 393333                     /lib/x86_64-linux-gnu/libnss_nis-2.15.so
7f5a32a8a000-7f5a32a8b000 rw-p 0000b000 08:08 393333                     /lib/x86_64-linux-gnu/libnss_nis-2.15.so
7f5a32a8b000-7f5a32aa2000 r-xp 00000000 08:08 393336                     /lib/x86_64-linux-gnu/libnsl-2.15.so
7f5a32aa2000-7f5a32ca1000 ---p 00017000 08:08 393336                     /lib/x86_64-linux-gnu/libnsl-2.15.so
7f5a32ca1000-7f5a32ca2000 r--p 00016000 08:08 393336                     /lib/x86_64-linux-gnu/libnsl-2.15.so
7f5a32ca2000-7f5a32ca3000 rw-p 00017000 08:08 393336                     /lib/x86_64-linux-gnu/libnsl-2.15.so
7f5a32ca3000-7f5a32ca5000 rw-p 00000000 00:00 0 
7f5a32ca5000-7f5a32cad000 r-xp 00000000 08:08 393339                     /lib/x86_64-linux-gnu/libnss_compat-2.15.so
7f5a32cad000-7f5a32eac000 ---p 00008000 08:08 393339                     /lib/x86_64-linux-gnu/libnss_compat-2.15.so
7f5a32eac000-7f5a32ead000 r--p 00007000 08:08 393339                     /lib/x86_64-linux-gnu/libnss_compat-2.15.so
7f5a32ead000-7f5a32eae000 rw-p 00008000 08:08 393339                     /lib/x86_64-linux-gnu/libnss_compat-2.15.so
7f5a32eae000-7f5a32ed7000 r-xp 00000000 08:08 1981798                    /usr/lib/jvm/java-7-openjdk-amd64/jre/lib/amd64/libjava.so
7f5a32ed7000-7f5a330d6000 ---p 00029000 08:08 1981798                    /usr/lib/jvm/java-7-openjdk-amd64/jre/lib/amd64/libjava.so
7f5a330d6000-7f5a330d7000 r--p 00028000 08:08 1981798                    /usr/lib/jvm/java-7-openjdk-amd64/jre/lib/amd64/libjava.so
7f5a330d7000-7f5a330d9000 rw-p 00029000 08:08 1981798                    /usr/lib/jvm/java-7-openjdk-amd64/jre/lib/amd64/libjava.so
7f5a330d9000-7f5a330e7000 r-xp 00000000 08:08 1981813                    /usr/lib/jvm/java-7-openjdk-amd64/jre/lib/amd64/libverify.so
7f5a330e7000-7f5a332e6000 ---p 0000e000 08:08 1981813                    /usr/lib/jvm/java-7-openjdk-amd64/jre/lib/amd64/libverify.so
7f5a332e6000-7f5a332e8000 r--p 0000d000 08:08 1981813                    /usr/lib/jvm/java-7-openjdk-amd64/jre/lib/amd64/libverify.so
7f5a332e8000-7f5a332e9000 rw-p 0000f000 08:08 1981813                    /usr/lib/jvm/java-7-openjdk-amd64/jre/lib/amd64/libverify.so
7f5a332e9000-7f5a332f0000 r-xp 00000000 08:08 393238                     /lib/x86_64-linux-gnu/librt-2.15.so
7f5a332f0000-7f5a334ef000 ---p 00007000 08:08 393238                     /lib/x86_64-linux-gnu/librt-2.15.so
7f5a334ef000-7f5a334f0000 r--p 00006000 08:08 393238                     /lib/x86_64-linux-gnu/librt-2.15.so
7f5a334f0000-7f5a334f1000 rw-p 00007000 08:08 393238                     /lib/x86_64-linux-gnu/librt-2.15.so
7f5a334f1000-7f5a33506000 r-xp 00000000 08:08 397365                     /lib/x86_64-linux-gnu/libgcc_s.so.1
7f5a33506000-7f5a33705000 ---p 00015000 08:08 397365                     /lib/x86_64-linux-gnu/libgcc_s.so.1
7f5a33705000-7f5a33706000 r--p 00014000 08:08 397365                     /lib/x86_64-linux-gnu/libgcc_s.so.1
7f5a33706000-7f5a33707000 rw-p 00015000 08:08 397365                     /lib/x86_64-linux-gnu/libgcc_s.so.1
7f5a33707000-7f5a33802000 r-xp 00000000 08:08 393344                     /lib/x86_64-linux-gnu/libm-2.15.so
7f5a33802000-7f5a33a01000 ---p 000fb000 08:08 393344                     /lib/x86_64-linux-gnu/libm-2.15.so
7f5a33a01000-7f5a33a02000 r--p 000fa000 08:08 393344                     /lib/x86_64-linux-gnu/libm-2.15.so
7f5a33a02000-7f5a33a03000 rw-p 000fb000 08:08 393344                     /lib/x86_64-linux-gnu/libm-2.15.so
7f5a33a03000-7f5a33ae5000 r-xp 00000000 08:08 1974540                    /usr/lib/x86_64-linux-gnu/libstdc++.so.6.0.16
7f5a33ae5000-7f5a33ce4000 ---p 000e2000 08:08 1974540                    /usr/lib/x86_64-linux-gnu/libstdc++.so.6.0.16
7f5a33ce4000-7f5a33cec000 r--p 000e1000 08:08 1974540                    /usr/lib/x86_64-linux-gnu/libstdc++.so.6.0.16
7f5a33cec000-7f5a33cee000 rw-p 000e9000 08:08 1974540                    /usr/lib/x86_64-linux-gnu/libstdc++.so.6.0.16
7f5a33cee000-7f5a33d03000 rw-p 00000000 00:00 0 
7f5a33d03000-7f5a347f2000 r-xp 00000000 08:08 1981827                    /usr/lib/jvm/java-7-openjdk-amd64/jre/lib/amd64/server/libjvm.so
7f5a347f2000-7f5a349f1000 ---p 00aef000 08:08 1981827                    /usr/lib/jvm/java-7-openjdk-amd64/jre/lib/amd64/server/libjvm.so
7f5a349f1000-7f5a34a92000 r--p 00aee000 08:08 1981827                    /usr/lib/jvm/java-7-openjdk-amd64/jre/lib/amd64/server/libjvm.so
7f5a34a92000-7f5a34ab5000 rw-p 00b8f000 08:08 1981827                    /usr/lib/jvm/java-7-openjdk-amd64/jre/lib/amd64/server/libjvm.so
7f5a34ab5000-7f5a34ae2000 rw-p 00000000 00:00 0 
7f5a34ae2000-7f5a34af8000 r-xp 00000000 08:08 397455                     /lib/x86_64-linux-gnu/libz.so.1.2.3.4
7f5a34af8000-7f5a34cf7000 ---p 00016000 08:08 397455                     /lib/x86_64-linux-gnu/libz.so.1.2.3.4
7f5a34cf7000-7f5a34cf8000 r--p 00015000 08:08 397455                     /lib/x86_64-linux-gnu/libz.so.1.2.3.4
7f5a34cf8000-7f5a34cf9000 rw-p 00016000 08:08 397455                     /lib/x86_64-linux-gnu/libz.so.1.2.3.4
7f5a34cf9000-7f5a34d11000 r-xp 00000000 08:08 393335                     /lib/x86_64-linux-gnu/libpthread-2.15.so
7f5a34d11000-7f5a34f10000 ---p 00018000 08:08 393335                     /lib/x86_64-linux-gnu/libpthread-2.15.so
7f5a34f10000-7f5a34f11000 r--p 00017000 08:08 393335                     /lib/x86_64-linux-gnu/libpthread-2.15.so
7f5a34f11000-7f5a34f12000 rw-p 00018000 08:08 393335                     /lib/x86_64-linux-gnu/libpthread-2.15.so
7f5a34f12000-7f5a34f16000 rw-p 00000000 00:00 0 
7f5a34f16000-7f5a34f18000 r-xp 00000000 08:08 397196                     /lib/x86_64-linux-gnu/libdl-2.15.so
7f5a34f18000-7f5a35118000 ---p 00002000 08:08 397196                     /lib/x86_64-linux-gnu/libdl-2.15.so
7f5a35118000-7f5a35119000 r--p 00002000 08:08 397196                     /lib/x86_64-linux-gnu/libdl-2.15.so
7f5a35119000-7f5a3511a000 rw-p 00003000 08:08 397196                     /lib/x86_64-linux-gnu/libdl-2.15.so
7f5a3511a000-7f5a352ce000 r-xp 00000000 08:08 393334                     /lib/x86_64-linux-gnu/libc-2.15.so
7f5a352ce000-7f5a354ce000 ---p 001b4000 08:08 393334                     /lib/x86_64-linux-gnu/libc-2.15.so
7f5a354ce000-7f5a354d2000 r--p 001b4000 08:08 393334                     /lib/x86_64-linux-gnu/libc-2.15.so
7f5a354d2000-7f5a354d4000 rw-p 001b8000 08:08 393334                     /lib/x86_64-linux-gnu/libc-2.15.so
7f5a354d4000-7f5a354d9000 rw-p 00000000 00:00 0 
7f5a354d9000-7f5a354e6000 r-xp 00000000 08:08 1981833                    /usr/lib/jvm/java-7-openjdk-amd64/jre/lib/amd64/jli/libjli.so
7f5a354e6000-7f5a356e5000 ---p 0000d000 08:08 1981833                    /usr/lib/jvm/java-7-openjdk-amd64/jre/lib/amd64/jli/libjli.so
7f5a356e5000-7f5a356e6000 r--p 0000c000 08:08 1981833                    /usr/lib/jvm/java-7-openjdk-amd64/jre/lib/amd64/jli/libjli.so
7f5a356e6000-7f5a356e7000 rw-p 0000d000 08:08 1981833                    /usr/lib/jvm/java-7-openjdk-amd64/jre/lib/amd64/jli/libjli.so
7f5a356e7000-7f5a35709000 r-xp 00000000 08:08 393343                     /lib/x86_64-linux-gnu/ld-2.15.so
7f5a3570a000-7f5a35734000 rw-p 00000000 00:00 0 
7f5a35734000-7f5a357ea000 rw-p 00000000 00:00 0 
7f5a357ea000-7f5a357ed000 ---p 00000000 00:00 0 
7f5a357ed000-7f5a358f0000 rw-p 00000000 00:00 0                          [stack:16212]
7f5a358fb000-7f5a358fd000 rw-p 00000000 00:00 0 
7f5a358fd000-7f5a35905000 rw-s 00000000 08:08 1835051                    /tmp/hsperfdata_ruibiao/16210
7f5a35905000-7f5a35906000 rw-p 00000000 00:00 0 
7f5a35906000-7f5a35907000 r--p 00000000 00:00 0 
7f5a35907000-7f5a35909000 rw-p 00000000 00:00 0 
7f5a35909000-7f5a3590a000 r--p 00022000 08:08 393343                     /lib/x86_64-linux-gnu/ld-2.15.so
7f5a3590a000-7f5a3590c000 rw-p 00023000 08:08 393343                     /lib/x86_64-linux-gnu/ld-2.15.so
7fffec987000-7fffec9a8000 rw-p 00000000 00:00 0                          [stack]
7fffec9c0000-7fffec9c2000 r-xp 00000000 00:00 0                          [vdso]
ffffffffff600000-ffffffffff601000 r-xp 00000000 00:00 0                  [vsyscall]

VM Arguments:
jvm_args: -Dfile.encoding=UTF-8 -Xbootclasspath:/home/ruibiao/soft/adt-bundle-linux-x86_64-20140321/sdk/platforms/android-19/android.jar 
java_command: cn.ry.diary.demo.exception.NegativeAgeExceptionTest
Launcher Type: SUN_STANDARD

Environment Variables:
PATH=/usr/lib/lightdm/lightdm:/usr/local/sbin:/usr/local/bin:/usr/sbin:/usr/bin:/sbin:/bin:/usr/games
SHELL=/bin/bash
DISPLAY=:0.0

Signal Handlers:
SIGSEGV: [libjvm.so+0x926aa0], sa_mask[0]=0x7ffbfeff, sa_flags=0x10000004
SIGBUS: [libjvm.so+0x926aa0], sa_mask[0]=0x7ffbfeff, sa_flags=0x10000004
SIGFPE: [libjvm.so+0x7a59e0], sa_mask[0]=0x7ffbfeff, sa_flags=0x10000004
SIGPIPE: [libjvm.so+0x7a59e0], sa_mask[0]=0x7ffbfeff, sa_flags=0x10000004
SIGXFSZ: [libjvm.so+0x7a59e0], sa_mask[0]=0x7ffbfeff, sa_flags=0x10000004
SIGILL: [libjvm.so+0x7a59e0], sa_mask[0]=0x7ffbfeff, sa_flags=0x10000004
SIGUSR1: SIG_DFL, sa_mask[0]=0x00000000, sa_flags=0x00000000
SIGUSR2: [libjvm.so+0x7a5c00], sa_mask[0]=0x00000004, sa_flags=0x10000004
SIGHUP: SIG_DFL, sa_mask[0]=0x00000000, sa_flags=0x00000000
SIGINT: SIG_DFL, sa_mask[0]=0x00000000, sa_flags=0x00000000
SIGTERM: SIG_DFL, sa_mask[0]=0x00000000, sa_flags=0x00000000
SIGQUIT: SIG_DFL, sa_mask[0]=0x00000000, sa_flags=0x00000000
SIGTRAP: SIG_DFL, sa_mask[0]=0x00000000, sa_flags=0x00000000


---------------  S Y S T E M  ---------------

OS:Ubuntu 12.04 (precise)
uname:Linux 3.13.0-46-generic #79~precise1-Ubuntu SMP Tue Mar 10 20:25:33 UTC 2015 x86_64
libc:glibc 2.15 NPTL 2.15 
rlimit: STACK 8192k, CORE 0k, NPROC 46805, NOFILE 4096, AS infinity
load average:0.59 0.54 0.39

/proc/meminfo:
MemTotal:        6012092 kB
MemFree:         2917964 kB
Buffers:           84556 kB
Cached:          1464196 kB
SwapCached:            0 kB
Active:          1872684 kB
Inactive:         985220 kB
Active(anon):    1310552 kB
Inactive(anon):   228628 kB
Active(file):     562132 kB
Inactive(file):   756592 kB
Unevictable:           0 kB
Mlocked:               0 kB
SwapTotal:       3998716 kB
SwapFree:        3998716 kB
Dirty:               492 kB
Writeback:             0 kB
AnonPages:       1309296 kB
Mapped:           256656 kB
Shmem:            230040 kB
Slab:             116808 kB
SReclaimable:      85192 kB
SUnreclaim:        31616 kB
KernelStack:        4016 kB
PageTables:        30312 kB
NFS_Unstable:          0 kB
Bounce:                0 kB
WritebackTmp:          0 kB
CommitLimit:     7004760 kB
Committed_AS:    3907420 kB
VmallocTotal:   34359738367 kB
VmallocUsed:      408072 kB
VmallocChunk:   34359326964 kB
HardwareCorrupted:     0 kB
AnonHugePages:    727040 kB
HugePages_Total:       0
HugePages_Free:        0
HugePages_Rsvd:        0
HugePages_Surp:        0
Hugepagesize:       2048 kB
DirectMap4k:       82684 kB
DirectMap2M:     6109184 kB


CPU:total 4 (2 cores per cpu, 2 threads per core) family 6 model 58 stepping 9, cmov, cx8, fxsr, mmx, sse, sse2, sse3, ssse3, sse4.1, sse4.2, popcnt, avx, erms, ht, tsc, tscinvbit, tscinv

/proc/cpuinfo:
processor	: 0
vendor_id	: GenuineIntel
cpu family	: 6
model		: 58
model name	: Intel(R) Core(TM) i3-3110M CPU @ 2.40GHz
stepping	: 9
microcode	: 0x12
cpu MHz		: 2400.000
cache size	: 3072 KB
physical id	: 0
siblings	: 4
core id		: 0
cpu cores	: 2
apicid		: 0
initial apicid	: 0
fpu		: yes
fpu_exception	: yes
cpuid level	: 13
wp		: yes
flags		: fpu vme de pse tsc msr pae mce cx8 apic sep mtrr pge mca cmov pat pse36 clflush dts acpi mmx fxsr sse sse2 ss ht tm pbe syscall nx rdtscp lm constant_tsc arch_perfmon pebs bts rep_good nopl xtopology nonstop_tsc aperfmperf eagerfpu pni pclmulqdq dtes64 monitor ds_cpl vmx est tm2 ssse3 cx16 xtpr pdcm pcid sse4_1 sse4_2 x2apic popcnt tsc_deadline_timer xsave avx f16c lahf_lm arat epb xsaveopt pln pts dtherm tpr_shadow vnmi flexpriority ept vpid fsgsbase smep erms
bogomips	: 4789.28
clflush size	: 64
cache_alignment	: 64
address sizes	: 36 bits physical, 48 bits virtual
power management:

processor	: 1
vendor_id	: GenuineIntel
cpu family	: 6
model		: 58
model name	: Intel(R) Core(TM) i3-3110M CPU @ 2.40GHz
stepping	: 9
microcode	: 0x12
cpu MHz		: 1800.000
cache size	: 3072 KB
physical id	: 0
siblings	: 4
core id		: 0
cpu cores	: 2
apicid		: 1
initial apicid	: 1
fpu		: yes
fpu_exception	: yes
cpuid level	: 13
wp		: yes
flags		: fpu vme de pse tsc msr pae mce cx8 apic sep mtrr pge mca cmov pat pse36 clflush dts acpi mmx fxsr sse sse2 ss ht tm pbe syscall nx rdtscp lm constant_tsc arch_perfmon pebs bts rep_good nopl xtopology nonstop_tsc aperfmperf eagerfpu pni pclmulqdq dtes64 monitor ds_cpl vmx est tm2 ssse3 cx16 xtpr pdcm pcid sse4_1 sse4_2 x2apic popcnt tsc_deadline_timer xsave avx f16c lahf_lm arat epb xsaveopt pln pts dtherm tpr_shadow vnmi flexpriority ept vpid fsgsbase smep erms
bogomips	: 4789.28
clflush size	: 64
cache_alignment	: 64
address sizes	: 36 bits physical, 48 bits virtual
power management:

processor	: 2
vendor_id	: GenuineIntel
cpu family	: 6
model		: 58
model name	: Intel(R) Core(TM) i3-3110M CPU @ 2.40GHz
stepping	: 9
microcode	: 0x12
cpu MHz		: 2100.000
cache size	: 3072 KB
physical id	: 0
siblings	: 4
core id		: 1
cpu cores	: 2
apicid		: 2
initial apicid	: 2
fpu		: yes
fpu_exception	: yes
cpuid level	: 13
wp		: yes
flags		: fpu vme de pse tsc msr pae mce cx8 apic sep mtrr pge mca cmov pat pse36 clflush dts acpi mmx fxsr sse sse2 ss ht tm pbe syscall nx rdtscp lm constant_tsc arch_perfmon pebs bts rep_good nopl xtopology nonstop_tsc aperfmperf eagerfpu pni pclmulqdq dtes64 monitor ds_cpl vmx est tm2 ssse3 cx16 xtpr pdcm pcid sse4_1 sse4_2 x2apic popcnt tsc_deadline_timer xsave avx f16c lahf_lm arat epb xsaveopt pln pts dtherm tpr_shadow vnmi flexpriority ept vpid fsgsbase smep erms
bogomips	: 4789.28
clflush size	: 64
cache_alignment	: 64
address sizes	: 36 bits physical, 48 bits virtual
power management:

processor	: 3
vendor_id	: GenuineIntel
cpu family	: 6
model		: 58
model name	: Intel(R) Core(TM) i3-3110M CPU @ 2.40GHz
stepping	: 9
microcode	: 0x12
cpu MHz		: 2400.000
cache size	: 3072 KB
physical id	: 0
siblings	: 4
core id		: 1
cpu cores	: 2
apicid		: 3
initial apicid	: 3
fpu		: yes
fpu_exception	: yes
cpuid level	: 13
wp		: yes
flags		: fpu vme de pse tsc msr pae mce cx8 apic sep mtrr pge mca cmov pat pse36 clflush dts acpi mmx fxsr sse sse2 ss ht tm pbe syscall nx rdtscp lm constant_tsc arch_perfmon pebs bts rep_good nopl xtopology nonstop_tsc aperfmperf eagerfpu pni pclmulqdq dtes64 monitor ds_cpl vmx est tm2 ssse3 cx16 xtpr pdcm pcid sse4_1 sse4_2 x2apic popcnt tsc_deadline_timer xsave avx f16c lahf_lm arat epb xsaveopt pln pts dtherm tpr_shadow vnmi flexpriority ept vpid fsgsbase smep erms
bogomips	: 4789.28
clflush size	: 64
cache_alignment	: 64
address sizes	: 36 bits physical, 48 bits virtual
power management:



Memory: 4k page, physical 6012092k(2917964k free), swap 3998716k(3998716k free)

vm_info: OpenJDK 64-Bit Server VM (24.75-b04) for linux-amd64 JRE (1.7.0_75-b13), built on Jan 27 2015 16:25:00 by "buildd" with gcc 4.6.3

time: Mon May 25 23:06:46 2015
elapsed time: 0 seconds

